app/build/outputs/logs/manifest-merger-debug-report.txt
-- Merging decision tree log ---
manifest
ADDED from src\main\AndroidManifest.xml:2:1-108:12
	package
		ADDED from src\main\AndroidManifest.xml:3:5-34
		INJECTED from src\main\AndroidManifest.xml
		INJECTED from src\main\AndroidManifest.xml
	android:versionName
		INJECTED from src\main\AndroidManifest.xml
		INJECTED from src\main\AndroidManifest.xml
	xmlns:android
		ADDED from src\main\AndroidManifest.xml:2:11-69
	android:versionCode
		INJECTED from src\main\AndroidManifest.xml
		INJECTED from src\main\AndroidManifest.xml
permission#com.cbitss.careforu.permission.MAPS_RECEIVE
ADDED from src\main\AndroidManifest.xml:5:5-7:47
	android:protectionLevel
		ADDED from src\main\AndroidManifest.xml:7:9-44
	android:name
		ADDED from src\main\AndroidManifest.xml:6:9-67
uses-permission#com.cbitss.careforu.permission.MAPS_RECEIVE
ADDED from src\main\AndroidManifest.xml:9:5-83
	android:name
		ADDED from src\main\AndroidManifest.xml:9:22-80
uses-permission#android.permission.INTERNET
ADDED from src\main\AndroidManifest.xml:10:5-67
MERGED from [com.google.android.gms:play-services-ads-lite:9.2.0] AndroidManifest.xml:20:5-66
MERGED from [com.google.android.gms:play-services-analytics:9.2.0] AndroidManifest.xml:21:5-67
MERGED from [com.google.android.gms:play-services-appinvite:9.2.0] AndroidManifest.xml:19:5-67
MERGED from [com.google.firebase:firebase-crash:9.2.0] AndroidManifest.xml:20:5-66
MERGED from [com.google.android.gms:play-services-gcm:9.2.0] AndroidManifest.xml:22:5-67
MERGED from [com.google.android.gms:play-services-iid:9.2.0] AndroidManifest.xml:22:5-67
MERGED from [com.google.android.gms:play-services-analytics-impl:9.2.0] AndroidManifest.xml:21:5-67
MERGED from [com.google.android.gms:play-services-tagmanager-api:9.2.0] AndroidManifest.xml:21:5-67
MERGED from [com.google.android.gms:play-services-maps:9.2.0] AndroidManifest.xml:21:5-66
MERGED from [com.firebaseui:firebase-ui-database:0.4.1] AndroidManifest.xml:11:5-67
MERGED from [com.google.firebase:firebase-analytics:9.2.0] AndroidManifest.xml:21:5-67
MERGED from [com.google.firebase:firebase-analytics-impl:9.2.0] AndroidManifest.xml:21:5-67
MERGED from [com.google.firebase:firebase-iid:9.2.0] AndroidManifest.xml:21:5-67
	android:name
		ADDED from src\main\AndroidManifest.xml:10:22-64
uses-permission#android.permission.READ_EXTERNAL_STORAGE
ADDED from src\main\AndroidManifest.xml:11:5-80
	android:name
		ADDED from src\main\AndroidManifest.xml:11:22-77
uses-permission#android.permission.WRITE_EXTERNAL_STORAGE
ADDED from src\main\AndroidManifest.xml:12:5-81
	android:name
		ADDED from src\main\AndroidManifest.xml:12:22-78
uses-permission#com.google.android.providers.gsf.permission.READ_GSERVICES
ADDED from src\main\AndroidManifest.xml:13:5-98
	android:name
		ADDED from src\main\AndroidManifest.xml:13:22-95
uses-permission#android.permission.ACCESS_COARSE_LOCATION
ADDED from src\main\AndroidManifest.xml:14:5-81
	android:name
		ADDED from src\main\AndroidManifest.xml:14:22-78
uses-permission#android.permission.ACCESS_FINE_LOCATION
ADDED from src\main\AndroidManifest.xml:15:5-79
	android:name
		ADDED from src\main\AndroidManifest.xml:15:22-76
uses-permission#android.permission.ACCESS_NETWORK_STATE
ADDED from src\main\AndroidManifest.xml:16:5-79
MERGED from [com.google.android.gms:play-services-ads-lite:9.2.0] AndroidManifest.xml:21:5-78
MERGED from [com.google.android.gms:play-services-analytics:9.2.0] AndroidManifest.xml:22:5-79
MERGED from [com.google.android.gms:play-services-nearby:9.2.0] AndroidManifest.xml:5:5-79
MERGED from [com.google.android.gms:play-services-analytics-impl:9.2.0] AndroidManifest.xml:22:5-79
MERGED from [com.google.android.gms:play-services-tagmanager-api:9.2.0] AndroidManifest.xml:22:5-79
MERGED from [com.google.android.gms:play-services-maps:9.2.0] AndroidManifest.xml:20:5-78
MERGED from [com.google.firebase:firebase-analytics:9.2.0] AndroidManifest.xml:22:5-79
MERGED from [com.google.firebase:firebase-analytics-impl:9.2.0] AndroidManifest.xml:22:5-79
MERGED from [com.google.firebase:firebase-iid:9.2.0] AndroidManifest.xml:20:5-79
	android:name
		ADDED from src\main\AndroidManifest.xml:16:22-76
uses-permission#android.permission.READ_CALENDAR
ADDED from src\main\AndroidManifest.xml:17:5-72
	android:name
		ADDED from src\main\AndroidManifest.xml:17:22-69
uses-permission#android.permission.WRITE_CALENDAR
ADDED from src\main\AndroidManifest.xml:18:5-73
	android:name
		ADDED from src\main\AndroidManifest.xml:18:22-70
uses-feature#0x00020000
ADDED from src\main\AndroidManifest.xml:20:5-22:35
MERGED from [com.google.android.gms:play-services-maps:9.2.0] AndroidManifest.xml:22:5-24:33
	android:glEsVersion
		ADDED from src\main\AndroidManifest.xml:21:9-41
	android:required
		ADDED from src\main\AndroidManifest.xml:22:9-32
application
ADDED from src\main\AndroidManifest.xml:24:5-106:19
MERGED from [com.android.support:cardview-v7:24.0.0] AndroidManifest.xml:22:5-20
MERGED from [com.android.support:design:24.0.0] AndroidManifest.xml:22:5-20
MERGED from [com.google.android.gms:play-services:9.2.0] AndroidManifest.xml:5:5-20
MERGED from [com.google.android.gms:play-services-ads-lite:9.2.0] AndroidManifest.xml:24:5-32:19
MERGED from [com.google.android.gms:play-services-analytics:9.2.0] AndroidManifest.xml:27:5-20
MERGED from [com.google.android.gms:play-services-appinvite:9.2.0] AndroidManifest.xml:20:5-30:19
MERGED from [com.google.android.gms:play-services-cast-framework:9.2.0] AndroidManifest.xml:5:5-9:19
MERGED from [com.google.android.gms:play-services-cast:9.2.0] AndroidManifest.xml:19:5-20
MERGED from [com.android.support:mediarouter-v7:23.0.0] AndroidManifest.xml:22:5-20
MERGED from [com.google.android.gms:play-services-clearcut:9.2.0] AndroidManifest.xml:19:5-20
MERGED from [com.google.firebase:firebase-config:9.2.0] AndroidManifest.xml:19:5-20
MERGED from [com.google.android.gms:play-services-contextmanager:9.2.0] AndroidManifest.xml:19:5-20
MERGED from [com.google.firebase:firebase-crash:9.2.0] AndroidManifest.xml:24:5-32:19
MERGED from [com.google.firebase:firebase-messaging:9.2.0] AndroidManifest.xml:20:5-32:19
MERGED from [com.google.android.gms:play-services-fitness:9.2.0] AndroidManifest.xml:19:5-20
MERGED from [com.google.android.gms:play-services-games:9.2.0] AndroidManifest.xml:19:5-20
MERGED from [com.google.android.gms:play-services-drive:9.2.0] AndroidManifest.xml:19:5-20
MERGED from [com.google.android.gms:play-services-gass:9.2.0] AndroidManifest.xml:19:5-20
MERGED from [com.google.android.gms:play-services-gcm:9.2.0] AndroidManifest.xml:24:5-20
MERGED from [com.google.android.gms:play-services-appindexing:9.2.0] AndroidManifest.xml:19:5-20
MERGED from [com.google.android.gms:play-services-iid:9.2.0] AndroidManifest.xml:24:5-20
MERGED from [com.google.android.gms:play-services-location:9.2.0] AndroidManifest.xml:19:5-20
MERGED from [com.google.android.gms:play-services-nearby:9.2.0] AndroidManifest.xml:6:5-20
MERGED from [com.google.android.gms:play-services-panorama:9.2.0] AndroidManifest.xml:19:5-20
MERGED from [com.google.android.gms:play-services-safetynet:9.2.0] AndroidManifest.xml:19:5-20
MERGED from [com.google.android.gms:play-services-analytics-impl:9.2.0] AndroidManifest.xml:27:5-20
MERGED from [com.google.android.gms:play-services-tagmanager-api:9.2.0] AndroidManifest.xml:24:5-38:19
MERGED from [com.google.android.gms:play-services-vision:9.2.0] AndroidManifest.xml:5:5-20
MERGED from [com.google.android.gms:play-services-identity:9.2.0] AndroidManifest.xml:19:5-20
MERGED from [com.google.android.gms:play-services-wearable:9.2.0] AndroidManifest.xml:19:5-20
MERGED from [com.google.android.gms:play-services-plus:9.2.0] AndroidManifest.xml:19:5-20
MERGED from [com.amulyakhare:com.amulyakhare.textdrawable:1.0.1] AndroidManifest.xml:12:5-20
MERGED from [com.android.support.constraint:constraint-layout:1.0.2] AndroidManifest.xml:9:5-20
MERGED from [me.himanshusoni.chatmessageview:chat-message-view:1.0.3] AndroidManifest.xml:11:5-14:19
MERGED from [com.google.android.gms:play-services-auth:9.2.0] AndroidManifest.xml:20:5-32:19
MERGED from [com.google.firebase:firebase-auth:9.2.0] AndroidManifest.xml:20:5-21:19
MERGED from [com.google.firebase:firebase-auth-common:9.2.0] AndroidManifest.xml:20:5-21:19
MERGED from [com.google.android.gms:play-services-places:9.2.0] AndroidManifest.xml:19:5-20
MERGED from [com.google.android.gms:play-services-maps:9.2.0] AndroidManifest.xml:27:5-20
MERGED from [de.hdodenhof:circleimageview:2.0.0] AndroidManifest.xml:9:5-20
MERGED from [com.yarolegovich:lovely-dialog:1.0.4] AndroidManifest.xml:11:5-52
MERGED from [com.android.support:appcompat-v7:24.0.0] AndroidManifest.xml:25:5-20
MERGED from [com.android.support:animated-vector-drawable:24.0.0] AndroidManifest.xml:22:5-20
MERGED from [com.android.support:support-vector-drawable:24.0.0] AndroidManifest.xml:23:5-20
MERGED from [com.google.android.gms:play-services-base:9.2.0] AndroidManifest.xml:19:5-23:19
MERGED from [com.google.firebase:firebase-core:9.2.0] AndroidManifest.xml:5:5-20
MERGED from [com.google.firebase:firebase-analytics:9.2.0] AndroidManifest.xml:26:5-41:19
MERGED from [com.google.firebase:firebase-analytics-impl:9.2.0] AndroidManifest.xml:26:5-41:19
MERGED from [com.google.firebase:firebase-iid:9.2.0] AndroidManifest.xml:30:5-59:19
MERGED from [com.google.firebase:firebase-common:9.2.0] AndroidManifest.xml:5:5-12:19
MERGED from [com.google.android.gms:play-services-tasks:9.2.0] AndroidManifest.xml:5:5-20
MERGED from [com.google.android.gms:play-services-basement:9.2.0] AndroidManifest.xml:20:5-24:19
MERGED from [com.android.support:support-v4:24.0.0] AndroidManifest.xml:25:5-20
	android:label
		ADDED from src\main\AndroidManifest.xml:28:9-41
	android:supportsRtl
		ADDED from src\main\AndroidManifest.xml:29:9-35
	android:allowBackup
		ADDED from src\main\AndroidManifest.xml:26:9-35
	android:icon
		ADDED from src\main\AndroidManifest.xml:27:9-43
	android:theme
		ADDED from src\main\AndroidManifest.xml:30:9-40
	android:name
		ADDED from src\main\AndroidManifest.xml:25:9-68
activity#com.cbitss.careforu.Splash
ADDED from src\main\AndroidManifest.xml:31:9-40:20
	android:label
		ADDED from src\main\AndroidManifest.xml:33:13-45
	android:theme
		ADDED from src\main\AndroidManifest.xml:34:13-69
	android:name
		ADDED from src\main\AndroidManifest.xml:32:13-35
intent-filter#android.intent.action.MAIN+android.intent.category.LAUNCHER
ADDED from src\main\AndroidManifest.xml:35:13-39:29
action#android.intent.action.MAIN
ADDED from src\main\AndroidManifest.xml:36:17-69
	android:name
		ADDED from src\main\AndroidManifest.xml:36:25-66
category#android.intent.category.LAUNCHER
ADDED from src\main\AndroidManifest.xml:38:17-77
	android:name
		ADDED from src\main\AndroidManifest.xml:38:27-74
activity#com.cbitss.careforu.MainActivity
ADDED from src\main\AndroidManifest.xml:41:9-44:72
	android:configChanges
		ADDED from src\main\AndroidManifest.xml:43:13-74
	android:theme
		ADDED from src\main\AndroidManifest.xml:44:13-69
	android:name
		ADDED from src\main\AndroidManifest.xml:42:13-41
receiver#com.cbitss.careforu.AlarmReceiver
ADDED from src\main\AndroidManifest.xml:51:9-57:20
	android:enabled
		ADDED from src\main\AndroidManifest.xml:53:13-35
	android:name
		ADDED from src\main\AndroidManifest.xml:52:13-42
intent-filter#com.cbitss.careforu.BroadcastReceiver
ADDED from src\main\AndroidManifest.xml:54:13-56:29
	android:priority
		ADDED from src\main\AndroidManifest.xml:54:28-48
action#com.cbitss.careforu.BroadcastReceiver
ADDED from src\main\AndroidManifest.xml:55:17-80
	android:name
		ADDED from src\main\AndroidManifest.xml:55:25-77
activity#com.cbitss.careforu.MedRemInfo
ADDED from src\main\AndroidManifest.xml:59:9-61:72
	android:theme
		ADDED from src\main\AndroidManifest.xml:61:13-69
	android:name
		ADDED from src\main\AndroidManifest.xml:60:13-39
activity#com.cbitss.careforu.AddReminder
ADDED from src\main\AndroidManifest.xml:62:9-64:72
	android:theme
		ADDED from src\main\AndroidManifest.xml:64:13-69
	android:name
		ADDED from src\main\AndroidManifest.xml:63:13-40
activity#com.cbitss.careforu.FirstAidContent
ADDED from src\main\AndroidManifest.xml:65:9-67:72
	android:theme
		ADDED from src\main\AndroidManifest.xml:67:13-69
	android:name
		ADDED from src\main\AndroidManifest.xml:66:13-44
meta-data#com.google.android.gms.version
ADDED from src\main\AndroidManifest.xml:69:9-71:69
MERGED from [com.google.android.gms:play-services-basement:9.2.0] AndroidManifest.xml:21:9-23:69
	android:value
		ADDED from src\main\AndroidManifest.xml:71:13-66
	android:name
		ADDED from src\main\AndroidManifest.xml:70:13-58
meta-data#com.google.android.geo.API_KEY
ADDED from src\main\AndroidManifest.xml:77:9-79:71
	android:value
		ADDED from src\main\AndroidManifest.xml:79:13-68
	android:name
		ADDED from src\main\AndroidManifest.xml:78:13-58
activity#com.cbitss.careforu.AlarmActivity
ADDED from src\main\AndroidManifest.xml:81:9-83:73
	android:theme
		ADDED from src\main\AndroidManifest.xml:83:13-70
	android:name
		ADDED from src\main\AndroidManifest.xml:82:13-42
activity#com.cbitss.careforu.MedInfo
ADDED from src\main\AndroidManifest.xml:84:9-45
	android:name
		ADDED from src\main\AndroidManifest.xml:84:19-42
activity#com.cbitss.careforu.view.FullScreenImageActivity
ADDED from src\main\AndroidManifest.xml:99:9-66
	android:name
		ADDED from src\main\AndroidManifest.xml:99:19-63
activity#com.cbitss.careforu.view.LoginActivity
ADDED from src\main\AndroidManifest.xml:100:9-56
	android:name
		ADDED from src\main\AndroidManifest.xml:100:19-53
activity#com.cbitss.careforu.DoctorChat
ADDED from src\main\AndroidManifest.xml:101:9-48
	android:name
		ADDED from src\main\AndroidManifest.xml:101:19-45
activity#com.cbitss.careforu.DoctorsActivity
ADDED from src\main\AndroidManifest.xml:102:9-104:58
	android:parentActivityName
		ADDED from src\main\AndroidManifest.xml:104:13-55
	android:name
		ADDED from src\main\AndroidManifest.xml:103:13-44
activity#com.cbitss.careforu.MMainActivity
ADDED from src\main\AndroidManifest.xml:105:9-60
	android:name
		ADDED from src\main\AndroidManifest.xml:105:19-48
uses-sdk
INJECTED from src\main\AndroidManifest.xml reason: use-sdk injection requested
MERGED from [com.android.support:multidex:1.0.1] AndroidManifest.xml:18:5-42
MERGED from [com.android.support:cardview-v7:24.0.0] AndroidManifest.xml:20:5-43
MERGED from [com.android.support:design:24.0.0] AndroidManifest.xml:20:5-43
MERGED from [com.google.android.gms:play-services:9.2.0] AndroidManifest.xml:4:5-42
MERGED from [com.google.android.gms:play-services-ads:9.2.0] AndroidManifest.xml:19:5-42
MERGED from [com.google.android.gms:play-services-ads-lite:9.2.0] AndroidManifest.xml:23:5-42
MERGED from [com.google.android.gms:play-services-analytics:9.2.0] AndroidManifest.xml:18:5-42
MERGED from [com.google.android.gms:play-services-appinvite:9.2.0] AndroidManifest.xml:18:5-42
MERGED from [com.google.android.gms:play-services-cast-framework:9.2.0] AndroidManifest.xml:4:5-42
MERGED from [com.google.android.gms:play-services-cast:9.2.0] AndroidManifest.xml:18:5-42
MERGED from [com.android.support:mediarouter-v7:23.0.0] AndroidManifest.xml:20:5-43
MERGED from [com.google.android.gms:play-services-clearcut:9.2.0] AndroidManifest.xml:18:5-42
MERGED from [com.google.firebase:firebase-config:9.2.0] AndroidManifest.xml:18:5-42
MERGED from [com.google.android.gms:play-services-contextmanager:9.2.0] AndroidManifest.xml:18:5-42
MERGED from [com.google.firebase:firebase-crash:9.2.0] AndroidManifest.xml:22:5-42
MERGED from [com.google.firebase:firebase-messaging:9.2.0] AndroidManifest.xml:18:5-42
MERGED from [com.google.android.gms:play-services-fitness:9.2.0] AndroidManifest.xml:18:5-42
MERGED from [com.google.android.gms:play-services-games:9.2.0] AndroidManifest.xml:18:5-42
MERGED from [com.google.android.gms:play-services-drive:9.2.0] AndroidManifest.xml:18:5-42
MERGED from [com.google.android.gms:play-services-gass:9.2.0] AndroidManifest.xml:18:5-42
MERGED from [com.google.android.gms:play-services-gcm:9.2.0] AndroidManifest.xml:18:5-42
MERGED from [com.google.android.gms:play-services-appindexing:9.2.0] AndroidManifest.xml:18:5-42
MERGED from [com.google.android.gms:play-services-iid:9.2.0] AndroidManifest.xml:18:5-42
MERGED from [com.google.android.gms:play-services-location:9.2.0] AndroidManifest.xml:18:5-42
MERGED from [com.google.android.gms:play-services-nearby:9.2.0] AndroidManifest.xml:4:5-42
MERGED from [com.google.android.gms:play-services-panorama:9.2.0] AndroidManifest.xml:18:5-42
MERGED from [com.google.android.gms:play-services-safetynet:9.2.0] AndroidManifest.xml:18:5-42
MERGED from [com.google.android.gms:play-services-tagmanager:9.2.0] AndroidManifest.xml:18:5-42
MERGED from [com.google.android.gms:play-services-analytics-impl:9.2.0] AndroidManifest.xml:18:5-42
MERGED from [com.google.android.gms:play-services-tagmanager-api:9.2.0] AndroidManifest.xml:18:5-42
MERGED from [com.google.android.gms:play-services-vision:9.2.0] AndroidManifest.xml:4:5-42
MERGED from [com.google.android.gms:play-services-wallet:9.2.0] AndroidManifest.xml:19:5-42
MERGED from [com.google.android.gms:play-services-identity:9.2.0] AndroidManifest.xml:18:5-42
MERGED from [com.google.android.gms:play-services-wearable:9.2.0] AndroidManifest.xml:18:5-42
MERGED from [com.google.android.gms:play-services-plus:9.2.0] AndroidManifest.xml:18:5-42
MERGED from [com.amulyakhare:com.amulyakhare.textdrawable:1.0.1] AndroidManifest.xml:8:5-10:41
MERGED from [com.android.support.constraint:constraint-layout:1.0.2] AndroidManifest.xml:5:5-7:41
MERGED from [hani.momanii.supernova_emoji_library:supernova-emoji-library:0.0.2] AndroidManifest.xml:6:5-8:41
MERGED from [me.himanshusoni.chatmessageview:chat-message-view:1.0.3] AndroidManifest.xml:7:5-9:41
MERGED from [com.google.android.gms:play-services-auth:9.2.0] AndroidManifest.xml:18:5-43
MERGED from [com.google.android.gms:play-services-auth-base:9.2.0] AndroidManifest.xml:5:5-43
MERGED from [com.google.firebase:firebase-auth:9.2.0] AndroidManifest.xml:18:5-43
MERGED from [com.google.firebase:firebase-auth-common:9.2.0] AndroidManifest.xml:18:5-43
MERGED from [com.google.firebase:firebase-auth-module:9.2.0] AndroidManifest.xml:4:5-43
MERGED from [com.google.firebase:firebase-storage:9.2.0] AndroidManifest.xml:5:5-43
MERGED from [com.google.firebase:firebase-storage-common:9.2.0] AndroidManifest.xml:5:5-43
MERGED from [com.google.android.gms:play-services-places:9.2.0] AndroidManifest.xml:18:5-42
MERGED from [com.google.android.gms:play-services-maps:9.2.0] AndroidManifest.xml:26:5-42
MERGED from [de.hdodenhof:circleimageview:2.0.0] AndroidManifest.xml:5:5-7:41
MERGED from [com.yarolegovich:lovely-dialog:1.0.4] AndroidManifest.xml:7:5-9:41
MERGED from [com.firebaseui:firebase-ui-database:0.4.1] AndroidManifest.xml:7:5-9:41
MERGED from [com.android.support:appcompat-v7:24.0.0] AndroidManifest.xml:21:5-23:78
MERGED from [com.android.support:animated-vector-drawable:24.0.0] AndroidManifest.xml:20:5-44
MERGED from [com.android.support:support-vector-drawable:24.0.0] AndroidManifest.xml:21:5-43
MERGED from [com.android.support:recyclerview-v7:24.0.0] AndroidManifest.xml:20:5-43
MERGED from [com.google.firebase:firebase-database:9.2.0] AndroidManifest.xml:5:5-43
MERGED from [com.google.firebase:firebase-database-connection:9.2.0] AndroidManifest.xml:5:5-43
MERGED from [com.google.android.gms:play-services-base:9.2.0] AndroidManifest.xml:18:5-42
MERGED from [com.google.firebase:firebase-core:9.2.0] AndroidManifest.xml:4:5-42
MERGED from [com.google.firebase:firebase-analytics:9.2.0] AndroidManifest.xml:18:5-42
MERGED from [com.google.firebase:firebase-analytics-impl:9.2.0] AndroidManifest.xml:18:5-42
MERGED from [com.google.firebase:firebase-iid:9.2.0] AndroidManifest.xml:18:5-42
MERGED from [com.google.firebase:firebase-common:9.2.0] AndroidManifest.xml:4:5-43
MERGED from [com.google.android.gms:play-services-tasks:9.2.0] AndroidManifest.xml:4:5-43
MERGED from [com.google.android.gms:play-services-basement:9.2.0] AndroidManifest.xml:18:5-42
MERGED from [com.android.support:support-v4:24.0.0] AndroidManifest.xml:21:5-23:54
	tools:overrideLibrary
		ADDED from [com.android.support:appcompat-v7:24.0.0] AndroidManifest.xml:23:9-75
	android:targetSdkVersion
		INJECTED from src\main\AndroidManifest.xml
		INJECTED from src\main\AndroidManifest.xml
	android:minSdkVersion
		INJECTED from src\main\AndroidManifest.xml
		INJECTED from src\main\AndroidManifest.xml
activity#com.google.android.gms.ads.AdActivity
ADDED from [com.google.android.gms:play-services-ads-lite:9.2.0] AndroidManifest.xml:26:9-29:64
	android:configChanges
		ADDED from [com.google.android.gms:play-services-ads-lite:9.2.0] AndroidManifest.xml:28:13-122
	android:theme
		ADDED from [com.google.android.gms:play-services-ads-lite:9.2.0] AndroidManifest.xml:29:13-61
	android:name
		ADDED from [com.google.android.gms:play-services-ads-lite:9.2.0] AndroidManifest.xml:27:13-65
activity#com.google.android.gms.ads.purchase.InAppPurchaseActivity
ADDED from [com.google.android.gms:play-services-ads-lite:9.2.0] AndroidManifest.xml:30:9-31:52
	android:theme
		ADDED from [com.google.android.gms:play-services-ads-lite:9.2.0] AndroidManifest.xml:31:13-50
	android:name
		ADDED from [com.google.android.gms:play-services-ads-lite:9.2.0] AndroidManifest.xml:30:19-91
uses-permission#android.permission.WAKE_LOCK
ADDED from [com.google.android.gms:play-services-analytics:9.2.0] AndroidManifest.xml:25:5-67
MERGED from [com.google.android.gms:play-services-analytics-impl:9.2.0] AndroidManifest.xml:25:5-67
MERGED from [com.google.firebase:firebase-analytics:9.2.0] AndroidManifest.xml:24:5-67
MERGED from [com.google.firebase:firebase-analytics-impl:9.2.0] AndroidManifest.xml:24:5-67
MERGED from [com.google.firebase:firebase-iid:9.2.0] AndroidManifest.xml:22:5-68
	android:name
		ADDED from [com.google.android.gms:play-services-analytics:9.2.0] AndroidManifest.xml:25:22-65
activity#com.google.android.gms.appinvite.PreviewActivity
ADDED from [com.google.android.gms:play-services-appinvite:9.2.0] AndroidManifest.xml:21:9-29:20
	android:exported
		ADDED from [com.google.android.gms:play-services-appinvite:9.2.0] AndroidManifest.xml:23:17-40
	android:theme
		ADDED from [com.google.android.gms:play-services-appinvite:9.2.0] AndroidManifest.xml:24:17-63
	android:name
		ADDED from [com.google.android.gms:play-services-appinvite:9.2.0] AndroidManifest.xml:22:17-48
intent-filter#android.intent.category.DEFAULT+com.google.android.gms.appinvite.ACTION_PREVIEW
ADDED from [com.google.android.gms:play-services-appinvite:9.2.0] AndroidManifest.xml:25:13-28:29
action#com.google.android.gms.appinvite.ACTION_PREVIEW
ADDED from [com.google.android.gms:play-services-appinvite:9.2.0] AndroidManifest.xml:26:17-89
	android:name
		ADDED from [com.google.android.gms:play-services-appinvite:9.2.0] AndroidManifest.xml:26:25-87
category#android.intent.category.DEFAULT
ADDED from [com.google.android.gms:play-services-appinvite:9.2.0] AndroidManifest.xml:27:17-75
	android:name
		ADDED from [com.google.android.gms:play-services-appinvite:9.2.0] AndroidManifest.xml:27:27-73
receiver#com.google.android.gms.cast.framework.media.MediaIntentReceiver
ADDED from [com.google.android.gms:play-services-cast-framework:9.2.0] AndroidManifest.xml:6:9-100
	android:name
		ADDED from [com.google.android.gms:play-services-cast-framework:9.2.0] AndroidManifest.xml:6:19-97
service#com.google.android.gms.cast.framework.media.MediaNotificationService
ADDED from [com.google.android.gms:play-services-cast-framework:9.2.0] AndroidManifest.xml:7:9-104
	android:name
		ADDED from [com.google.android.gms:play-services-cast-framework:9.2.0] AndroidManifest.xml:7:18-101
service#com.google.android.gms.cast.framework.ReconnectionService
ADDED from [com.google.android.gms:play-services-cast-framework:9.2.0] AndroidManifest.xml:8:9-92
	android:name
		ADDED from [com.google.android.gms:play-services-cast-framework:9.2.0] AndroidManifest.xml:8:18-90
service#com.google.firebase.crash.internal.service.FirebaseCrashReceiverService
ADDED from [com.google.firebase:firebase-crash:9.2.0] AndroidManifest.xml:26:9-27:50
	android:process
		ADDED from [com.google.firebase:firebase-crash:9.2.0] AndroidManifest.xml:27:13-48
	android:name
		ADDED from [com.google.firebase:firebase-crash:9.2.0] AndroidManifest.xml:26:18-79
service#com.google.firebase.crash.internal.service.FirebaseCrashSenderService
ADDED from [com.google.firebase:firebase-crash:9.2.0] AndroidManifest.xml:29:9-30:50
	android:process
		ADDED from [com.google.firebase:firebase-crash:9.2.0] AndroidManifest.xml:30:13-48
	android:name
		ADDED from [com.google.firebase:firebase-crash:9.2.0] AndroidManifest.xml:29:18-77
service#com.google.firebase.messaging.FirebaseMessagingService
ADDED from [com.google.firebase:firebase-messaging:9.2.0] AndroidManifest.xml:24:9-30:19
	android:exported
		ADDED from [com.google.firebase:firebase-messaging:9.2.0] AndroidManifest.xml:26:13-36
	android:name
		ADDED from [com.google.firebase:firebase-messaging:9.2.0] AndroidManifest.xml:25:13-82
intent-filter#com.google.firebase.MESSAGING_EVENT
ADDED from [com.google.firebase:firebase-messaging:9.2.0] AndroidManifest.xml:27:13-29:29
	android:priority
		ADDED from [com.google.firebase:firebase-messaging:9.2.0] AndroidManifest.xml:27:28-51
action#com.google.firebase.MESSAGING_EVENT
ADDED from [com.google.firebase:firebase-messaging:9.2.0] AndroidManifest.xml:28:17-78
	android:name
		ADDED from [com.google.firebase:firebase-messaging:9.2.0] AndroidManifest.xml:28:25-75
uses-permission#com.google.android.c2dm.permission.RECEIVE
ADDED from [com.google.android.gms:play-services-gcm:9.2.0] AndroidManifest.xml:21:5-82
MERGED from [com.google.android.gms:play-services-iid:9.2.0] AndroidManifest.xml:21:5-82
MERGED from [com.google.firebase:firebase-iid:9.2.0] AndroidManifest.xml:23:5-82
	android:name
		ADDED from [com.google.android.gms:play-services-gcm:9.2.0] AndroidManifest.xml:21:22-79
service#com.google.android.gms.tagmanager.TagManagerService
ADDED from [com.google.android.gms:play-services-tagmanager-api:9.2.0] AndroidManifest.xml:25:9-27:42
	android:enabled
		ADDED from [com.google.android.gms:play-services-tagmanager-api:9.2.0] AndroidManifest.xml:27:17-39
	android:exported
		ADDED from [com.google.android.gms:play-services-tagmanager-api:9.2.0] AndroidManifest.xml:26:17-41
	android:name
		ADDED from [com.google.android.gms:play-services-tagmanager-api:9.2.0] AndroidManifest.xml:25:18-84
activity#com.google.android.gms.tagmanager.TagManagerPreviewActivity
ADDED from [com.google.android.gms:play-services-tagmanager-api:9.2.0] AndroidManifest.xml:28:9-37:20
	android:noHistory
		ADDED from [com.google.android.gms:play-services-tagmanager-api:9.2.0] AndroidManifest.xml:30:13-37
	android:name
		ADDED from [com.google.android.gms:play-services-tagmanager-api:9.2.0] AndroidManifest.xml:29:13-87
intent-filter#android.intent.action.VIEW+android.intent.category.BROWSABLE+android.intent.category.DEFAULT
ADDED from [com.google.android.gms:play-services-tagmanager-api:9.2.0] AndroidManifest.xml:31:13-36:29
data
ADDED from [com.google.android.gms:play-services-tagmanager-api:9.2.0] AndroidManifest.xml:32:17-72
	android:scheme
		ADDED from [com.google.android.gms:play-services-tagmanager-api:9.2.0] AndroidManifest.xml:32:23-69
action#android.intent.action.VIEW
ADDED from [com.google.android.gms:play-services-tagmanager-api:9.2.0] AndroidManifest.xml:33:17-69
	android:name
		ADDED from [com.google.android.gms:play-services-tagmanager-api:9.2.0] AndroidManifest.xml:33:25-66
category#android.intent.category.BROWSABLE
ADDED from [com.google.android.gms:play-services-tagmanager-api:9.2.0] AndroidManifest.xml:35:17-77
	android:name
		ADDED from [com.google.android.gms:play-services-tagmanager-api:9.2.0] AndroidManifest.xml:35:27-75
activity#com.google.android.gms.auth.api.signin.internal.SignInHubActivity
ADDED from [com.google.android.gms:play-services-auth:9.2.0] AndroidManifest.xml:21:9-24:46
	android:excludeFromRecents
		ADDED from [com.google.android.gms:play-services-auth:9.2.0] AndroidManifest.xml:23:19-52
	android:exported
		ADDED from [com.google.android.gms:play-services-auth:9.2.0] AndroidManifest.xml:24:19-43
	android:theme
		ADDED from [com.google.android.gms:play-services-auth:9.2.0] AndroidManifest.xml:22:19-78
	android:name
		ADDED from [com.google.android.gms:play-services-auth:9.2.0] AndroidManifest.xml:21:19-68
service#com.google.android.gms.auth.api.signin.RevocationBoundService
ADDED from [com.google.android.gms:play-services-auth:9.2.0] AndroidManifest.xml:28:9-31:110
	android:exported
		ADDED from [com.google.android.gms:play-services-auth:9.2.0] AndroidManifest.xml:30:13-36
	android:permission
		ADDED from [com.google.android.gms:play-services-auth:9.2.0] AndroidManifest.xml:31:13-107
	android:name
		ADDED from [com.google.android.gms:play-services-auth:9.2.0] AndroidManifest.xml:29:13-58
activity#com.google.android.gms.common.api.GoogleApiActivity
ADDED from [com.google.android.gms:play-services-base:9.2.0] AndroidManifest.xml:20:9-22:45
	android:exported
		ADDED from [com.google.android.gms:play-services-base:9.2.0] AndroidManifest.xml:22:19-43
	android:theme
		ADDED from [com.google.android.gms:play-services-base:9.2.0] AndroidManifest.xml:21:19-78
	android:name
		ADDED from [com.google.android.gms:play-services-base:9.2.0] AndroidManifest.xml:20:19-85
receiver#com.google.android.gms.measurement.AppMeasurementReceiver
ADDED from [com.google.firebase:firebase-analytics:9.2.0] AndroidManifest.xml:28:7-34:18
MERGED from [com.google.firebase:firebase-analytics-impl:9.2.0] AndroidManifest.xml:28:7-34:18
	android:enabled
		ADDED from [com.google.firebase:firebase-analytics:9.2.0] AndroidManifest.xml:30:11-33
	android:name
		ADDED from [com.google.firebase:firebase-analytics:9.2.0] AndroidManifest.xml:29:11-83
intent-filter#com.google.android.gms.measurement.UPLOAD